[INFO][server.go:35] 2023/09/26 13:22:21 start listen
[INFO][server.go:61] 2023/09/26 13:22:49 accepted link
[INFO][server.go:44] 2023/09/26 13:25:16 shutting down
[INFO][handler.go:92] 2023/09/26 13:25:16 handler shutting down
[INFO][handler.go:59] 2023/09/26 13:25:16 connection closed: 127.0.0.1:14689
[INFO][handler.go:92] 2023/09/26 13:25:16 handler shutting down
[INFO][server.go:35] 2023/09/26 13:25:18 start listen
[INFO][server.go:61] 2023/09/26 13:25:21 accepted link
[INFO][handler.go:59] 2023/09/26 13:25:23 connection closed: 127.0.0.1:14741
[INFO][server.go:61] 2023/09/26 13:25:24 accepted link
[INFO][server.go:44] 2023/09/26 13:27:07 shutting down
[INFO][handler.go:92] 2023/09/26 13:27:07 handler shutting down
[INFO][handler.go:59] 2023/09/26 13:27:07 connection closed: 127.0.0.1:14742
[INFO][handler.go:92] 2023/09/26 13:27:07 handler shutting down
[INFO][server.go:35] 2023/09/26 13:27:08 start listen
[INFO][server.go:61] 2023/09/26 13:27:12 accepted link
[INFO][server.go:44] 2023/09/26 13:27:22 shutting down
[INFO][handler.go:92] 2023/09/26 13:27:22 handler shutting down
[INFO][handler.go:59] 2023/09/26 13:27:22 connection closed: 127.0.0.1:14778
[INFO][handler.go:92] 2023/09/26 13:27:22 handler shutting down
[INFO][server.go:35] 2023/09/26 13:27:23 start listen
[INFO][server.go:61] 2023/09/26 13:27:27 accepted link
[INFO][server.go:44] 2023/09/26 13:30:14 shutting down
[INFO][handler.go:92] 2023/09/26 13:30:14 handler shutting down
[INFO][handler.go:59] 2023/09/26 13:30:14 connection closed: 127.0.0.1:14788
[INFO][handler.go:92] 2023/09/26 13:30:14 handler shutting down
[INFO][server.go:35] 2023/09/26 13:30:17 start listen
[INFO][server.go:61] 2023/09/26 13:30:19 accepted link
[ERROR][handler.go:75] 2023/09/26 13:30:30 empty payload
[ERROR][handler.go:75] 2023/09/26 13:30:32 empty payload
[ERROR][handler.go:75] 2023/09/26 13:30:41 empty payload
[INFO][server.go:44] 2023/09/26 13:30:51 shutting down
[INFO][handler.go:93] 2023/09/26 13:30:51 handler shutting down
[INFO][handler.go:59] 2023/09/26 13:30:51 connection closed: 127.0.0.1:14851
[INFO][handler.go:93] 2023/09/26 13:30:51 handler shutting down
[INFO][server.go:35] 2023/09/26 13:30:52 start listen
[INFO][server.go:61] 2023/09/26 13:30:56 accepted link
[INFO][server.go:44] 2023/09/26 14:09:36 shutting down
[INFO][handler.go:93] 2023/09/26 14:09:36 handler shutting down
[INFO][handler.go:59] 2023/09/26 14:09:36 connection closed: 127.0.0.1:14861
[INFO][handler.go:93] 2023/09/26 14:09:36 handler shutting down
